action: website, msg: getenv
cwd: /home/jordan/git-workspace/BioLearn
cmd: /home/jordan/git-workspace/BioLearn/build/tox/website/bin/python -m pip install sphinx==3.5.4
Collecting sphinx==3.5.4
  Downloading Sphinx-3.5.4-py3-none-any.whl (2.8 MB)
Collecting sphinxcontrib-jsmath
  Using cached sphinxcontrib_jsmath-1.0.1-py2.py3-none-any.whl (5.1 kB)
Collecting snowballstemmer>=1.1
  Downloading snowballstemmer-2.2.0-py2.py3-none-any.whl (93 kB)
Requirement already satisfied: setuptools in ./build/tox/website/lib/python3.8/site-packages (from sphinx==3.5.4) (44.0.0)
Collecting docutils<0.17,>=0.12
  Using cached docutils-0.16-py2.py3-none-any.whl (548 kB)
Collecting alabaster<0.8,>=0.7
  Using cached alabaster-0.7.12-py2.py3-none-any.whl (14 kB)
Collecting imagesize
  Downloading imagesize-1.3.0-py2.py3-none-any.whl (5.2 kB)
Collecting requests>=2.5.0
  Using cached requests-2.26.0-py2.py3-none-any.whl (62 kB)
Collecting sphinxcontrib-devhelp
  Using cached sphinxcontrib_devhelp-1.0.2-py2.py3-none-any.whl (84 kB)
Collecting packaging
  Using cached packaging-21.3-py3-none-any.whl (40 kB)
Collecting Jinja2>=2.3
  Using cached Jinja2-3.0.3-py3-none-any.whl (133 kB)
Collecting sphinxcontrib-htmlhelp
  Downloading sphinxcontrib_htmlhelp-2.0.0-py2.py3-none-any.whl (100 kB)
Collecting sphinxcontrib-applehelp
  Using cached sphinxcontrib_applehelp-1.0.2-py2.py3-none-any.whl (121 kB)
Collecting babel>=1.3
  Downloading Babel-2.9.1-py2.py3-none-any.whl (8.8 MB)
Collecting sphinxcontrib-serializinghtml
  Downloading sphinxcontrib_serializinghtml-1.1.5-py2.py3-none-any.whl (94 kB)
Collecting Pygments>=2.0
  Using cached Pygments-2.10.0-py3-none-any.whl (1.0 MB)
Collecting sphinxcontrib-qthelp
  Using cached sphinxcontrib_qthelp-1.0.3-py2.py3-none-any.whl (90 kB)
Collecting idna<4,>=2.5; python_version >= "3"
  Using cached idna-3.3-py3-none-any.whl (61 kB)
Collecting urllib3<1.27,>=1.21.1
  Using cached urllib3-1.26.7-py2.py3-none-any.whl (138 kB)
Collecting charset-normalizer~=2.0.0; python_version >= "3"
  Using cached charset_normalizer-2.0.9-py3-none-any.whl (39 kB)
Collecting certifi>=2017.4.17
  Using cached certifi-2021.10.8-py2.py3-none-any.whl (149 kB)
Collecting pyparsing!=3.0.5,>=2.0.2
  Using cached pyparsing-3.0.6-py3-none-any.whl (97 kB)
Collecting MarkupSafe>=2.0
  Using cached MarkupSafe-2.0.1-cp38-cp38-manylinux2010_x86_64.whl (30 kB)
Collecting pytz>=2015.7
  Using cached pytz-2021.3-py2.py3-none-any.whl (503 kB)
Installing collected packages: sphinxcontrib-jsmath, snowballstemmer, docutils, alabaster, imagesize, idna, urllib3, charset-normalizer, certifi, requests, sphinxcontrib-devhelp, pyparsing, packaging, MarkupSafe, Jinja2, sphinxcontrib-htmlhelp, sphinxcontrib-applehelp, pytz, babel, sphinxcontrib-serializinghtml, Pygments, sphinxcontrib-qthelp, sphinx
Successfully installed Jinja2-3.0.3 MarkupSafe-2.0.1 Pygments-2.10.0 alabaster-0.7.12 babel-2.9.1 certifi-2021.10.8 charset-normalizer-2.0.9 docutils-0.16 idna-3.3 imagesize-1.3.0 packaging-21.3 pyparsing-3.0.6 pytz-2021.3 requests-2.26.0 snowballstemmer-2.2.0 sphinx-3.5.4 sphinxcontrib-applehelp-1.0.2 sphinxcontrib-devhelp-1.0.2 sphinxcontrib-htmlhelp-2.0.0 sphinxcontrib-jsmath-1.0.1 sphinxcontrib-qthelp-1.0.3 sphinxcontrib-serializinghtml-1.1.5 urllib3-1.26.7
